\BOOKMARK [1][-]{section.1}{Motivation}{}% 1
\BOOKMARK [1][-]{section.2}{Background}{}% 2
\BOOKMARK [2][-]{subsection.2.1}{Ethereum}{section.2}% 3
\BOOKMARK [3][-]{subsubsection.2.1.1}{EVM}{subsection.2.1}% 4
\BOOKMARK [3][-]{subsubsection.2.1.2}{Accounts and Smart Contracts}{subsection.2.1}% 5
\BOOKMARK [3][-]{subsubsection.2.1.3}{Gas Fees}{subsection.2.1}% 6
\BOOKMARK [2][-]{subsection.2.2}{Solidity}{section.2}% 7
\BOOKMARK [2][-]{subsection.2.3}{General Security Analysis Methodologies}{section.2}% 8
\BOOKMARK [3][-]{subsubsection.2.3.1}{Symbolic Execution}{subsection.2.3}% 9
\BOOKMARK [3][-]{subsubsection.2.3.2}{Symbolic Model Checking}{subsection.2.3}% 10
\BOOKMARK [3][-]{subsubsection.2.3.3}{Taint Analysis}{subsection.2.3}% 11
\BOOKMARK [3][-]{subsubsection.2.3.4}{Mutation Testing}{subsection.2.3}% 12
\BOOKMARK [3][-]{subsubsection.2.3.5}{Fuzzing}{subsection.2.3}% 13
\BOOKMARK [1][-]{section.3}{Security Analysis Methodologies}{}% 14
\BOOKMARK [2][-]{subsection.3.1}{Static Analysis Methods}{section.3}% 15
\BOOKMARK [3][-]{subsubsection.3.1.1}{Symbolic Execution}{subsection.3.1}% 16
\BOOKMARK [3][-]{subsubsection.3.1.2}{Generic Property Verifiers}{subsection.3.1}% 17
\BOOKMARK [3][-]{subsubsection.3.1.3}{Formal Verification}{subsection.3.1}% 18
\BOOKMARK [2][-]{subsection.3.2}{Dynamic Analysis Methods}{section.3}% 19
\BOOKMARK [3][-]{subsubsection.3.2.1}{Execution Traces}{subsection.3.2}% 20
\BOOKMARK [3][-]{subsubsection.3.2.2}{Graph Construction}{subsection.3.2}% 21
\BOOKMARK [2][-]{subsection.3.3}{Testing}{section.3}% 22
\BOOKMARK [3][-]{subsubsection.3.3.1}{Mutation Testing}{subsection.3.3}% 23
\BOOKMARK [3][-]{subsubsection.3.3.2}{Fuzzing}{subsection.3.3}% 24
\BOOKMARK [2][-]{subsection.3.4}{Other}{section.3}% 25
\BOOKMARK [3][-]{subsubsection.3.4.1}{Code Metrics}{subsection.3.4}% 26
\BOOKMARK [2][-]{subsection.3.5}{Comparison}{section.3}% 27
\BOOKMARK [1][-]{section.4}{Summary}{}% 28
